<?xml version="1.0" encoding="UTF-8"?>
<!-- Generated by org.testng.reporters.JUnitReportReporter -->
<testsuite hostname="DESKTOP-VS054RB" failures="0" tests="2" name="rahulshettyacademy.tests.ErrorValidations" time="98.301" errors="0" timestamp="2025-08-26T10:58:12 IST" skipped="0">
  <testcase classname="rahulshettyacademy.tests.ErrorValidations" name="ProductErrorValidation" time="81.611"/>
  <testcase classname="rahulshettyacademy.tests.ErrorValidations" name="submitOrder" time="16.690"/>
</testsuite> <!-- rahulshettyacademy.tests.ErrorValidations -->
