<?xml version="1.0" encoding="UTF-8"?>
<!-- Generated by org.testng.reporters.JUnitReportReporter -->
<testsuite hostname="DESKTOP-VS054RB" failures="0" tests="2" name="rahulshettyacademy.tests.StandaloneClientTest" time="169.426" errors="0" timestamp="2025-09-09T19:41:06 IST" skipped="0">
  <testcase classname="rahulshettyacademy.tests.StandaloneClientTest" name="submitOrder" time="56.992"/>
  <testcase classname="rahulshettyacademy.tests.StandaloneClientTest" name="submitOrder" time="112.434"/>
</testsuite> <!-- rahulshettyacademy.tests.StandaloneClientTest -->
