<?xml version="1.0" encoding="UTF-8"?>
<!-- Generated by org.testng.reporters.JUnitReportReporter -->
<testsuite hostname="DESKTOP-VS054RB" failures="0" tests="3" name="rahulshettyacademy.tests.StandaloneTestClient" time="124.966" errors="0" timestamp="2025-08-26T10:58:12 IST" skipped="0">
  <testcase classname="rahulshettyacademy.tests.StandaloneTestClient" name="submitOrder" time="58.010"/>
  <testcase classname="rahulshettyacademy.tests.StandaloneTestClient" name="orderHistory" time="14.198"/>
  <testcase classname="rahulshettyacademy.tests.StandaloneTestClient" name="submitOrder" time="52.758"/>
</testsuite> <!-- rahulshettyacademy.tests.StandaloneTestClient -->
