<?xml version="1.0" encoding="UTF-8"?>
<!-- Generated by org.testng.reporters.JUnitReportReporter -->
<testsuite hostname="DESKTOP-VS054RB" failures="0" tests="1" name="rahulshettyacademy.tests.ErrorValidationsTest" time="33.428" errors="0" timestamp="2025-09-10T10:57:53 IST" skipped="0">
  <testcase classname="rahulshettyacademy.tests.ErrorValidationsTest" name="submitOrder" time="33.428"/>
</testsuite> <!-- rahulshettyacademy.tests.ErrorValidationsTest -->
